mode: set
billing_system_test_task/pkg/pipeline/pipeline.go:11.37,15.25 4 1
billing_system_test_task/pkg/pipeline/pipeline.go:21.2,21.11 1 1
billing_system_test_task/pkg/pipeline/pipeline.go:15.25,20.3 4 1
billing_system_test_task/pkg/pipeline/pipeline.go:24.71,28.2 3 1
billing_system_test_task/pkg/wallets/form.go:15.53,19.29 2 1
billing_system_test_task/pkg/wallets/form.go:26.2,26.21 1 1
billing_system_test_task/pkg/wallets/form.go:30.2,30.12 1 1
billing_system_test_task/pkg/wallets/form.go:19.29,23.3 1 1
billing_system_test_task/pkg/wallets/form.go:26.21,28.3 1 1
billing_system_test_task/pkg/wallets/handlers.go:26.76,33.22 4 1
billing_system_test_task/pkg/wallets/handlers.go:39.2,40.22 2 1
billing_system_test_task/pkg/wallets/handlers.go:46.2,47.30 2 1
billing_system_test_task/pkg/wallets/handlers.go:51.2,54.4 2 1
billing_system_test_task/pkg/wallets/handlers.go:33.22,36.3 2 1
billing_system_test_task/pkg/wallets/handlers.go:40.22,44.3 3 1
billing_system_test_task/pkg/wallets/handlers.go:47.30,50.3 2 1
billing_system_test_task/pkg/wallets/repo.go:36.100,41.2 1 1
billing_system_test_task/pkg/wallets/repo.go:44.94,56.22 3 1
billing_system_test_task/pkg/wallets/repo.go:60.2,60.18 1 1
billing_system_test_task/pkg/wallets/repo.go:67.2,68.31 2 1
billing_system_test_task/pkg/wallets/repo.go:72.2,72.22 1 1
billing_system_test_task/pkg/wallets/repo.go:56.22,58.3 1 1
billing_system_test_task/pkg/wallets/repo.go:60.18,62.21 2 1
billing_system_test_task/pkg/wallets/repo.go:62.21,64.4 1 1
billing_system_test_task/pkg/wallets/repo.go:68.31,70.3 1 1
billing_system_test_task/pkg/wallets/repo.go:76.104,78.42 1 1
billing_system_test_task/pkg/wallets/repo.go:83.2,87.18 3 1
billing_system_test_task/pkg/wallets/repo.go:92.2,93.18 2 1
billing_system_test_task/pkg/wallets/repo.go:96.2,100.22 3 1
billing_system_test_task/pkg/wallets/repo.go:106.2,107.31 2 1
billing_system_test_task/pkg/wallets/repo.go:111.2,112.24 2 1
billing_system_test_task/pkg/wallets/repo.go:118.2,119.18 2 1
billing_system_test_task/pkg/wallets/repo.go:126.2,128.22 2 1
billing_system_test_task/pkg/wallets/repo.go:78.42,80.3 1 1
billing_system_test_task/pkg/wallets/repo.go:87.18,89.3 1 1
billing_system_test_task/pkg/wallets/repo.go:93.18,95.3 1 1
billing_system_test_task/pkg/wallets/repo.go:100.22,104.3 3 1
billing_system_test_task/pkg/wallets/repo.go:107.31,109.3 1 1
billing_system_test_task/pkg/wallets/repo.go:112.24,116.3 3 1
billing_system_test_task/pkg/wallets/repo.go:119.18,125.3 1 1
billing_system_test_task/pkg/wallets/repo.go:132.85,137.25 3 1
billing_system_test_task/pkg/wallets/repo.go:140.2,140.21 1 1
billing_system_test_task/pkg/wallets/repo.go:137.25,139.3 1 1
billing_system_test_task/pkg/wallets/repo.go:144.87,149.25 3 1
billing_system_test_task/pkg/wallets/repo.go:152.2,152.21 1 1
billing_system_test_task/pkg/wallets/repo.go:149.25,151.3 1 1
billing_system_test_task/pkg/wallets/repo.go:156.118,159.31 2 1
billing_system_test_task/pkg/wallets/repo.go:163.2,163.56 1 1
billing_system_test_task/pkg/wallets/repo.go:168.2,172.18 3 1
billing_system_test_task/pkg/wallets/repo.go:177.2,178.18 2 1
billing_system_test_task/pkg/wallets/repo.go:181.2,185.28 3 1
billing_system_test_task/pkg/wallets/repo.go:192.2,193.28 2 1
billing_system_test_task/pkg/wallets/repo.go:199.2,200.38 2 1
billing_system_test_task/pkg/wallets/repo.go:203.2,204.41 2 1
billing_system_test_task/pkg/wallets/repo.go:209.2,210.24 2 1
billing_system_test_task/pkg/wallets/repo.go:217.2,218.18 2 1
billing_system_test_task/pkg/wallets/repo.go:225.2,227.24 2 1
billing_system_test_task/pkg/wallets/repo.go:159.31,161.3 1 1
billing_system_test_task/pkg/wallets/repo.go:163.56,165.3 1 1
billing_system_test_task/pkg/wallets/repo.go:172.18,174.3 1 1
billing_system_test_task/pkg/wallets/repo.go:178.18,180.3 1 1
billing_system_test_task/pkg/wallets/repo.go:185.28,189.3 3 1
billing_system_test_task/pkg/wallets/repo.go:193.28,197.3 3 1
billing_system_test_task/pkg/wallets/repo.go:200.38,202.3 1 1
billing_system_test_task/pkg/wallets/repo.go:204.41,206.3 1 1
billing_system_test_task/pkg/wallets/repo.go:210.24,214.3 3 1
billing_system_test_task/pkg/wallets/repo.go:218.18,224.3 1 1
billing_system_test_task/pkg/users/handlers.go:31.72,38.22 4 1
billing_system_test_task/pkg/users/handlers.go:44.2,45.22 2 1
billing_system_test_task/pkg/users/handlers.go:51.2,52.29 2 1
billing_system_test_task/pkg/users/handlers.go:60.2,61.25 2 1
billing_system_test_task/pkg/users/handlers.go:68.2,74.4 2 1
billing_system_test_task/pkg/users/handlers.go:38.22,41.3 2 1
billing_system_test_task/pkg/users/handlers.go:45.22,49.3 3 1
billing_system_test_task/pkg/users/handlers.go:52.29,58.3 3 1
billing_system_test_task/pkg/users/handlers.go:61.25,67.3 3 1
billing_system_test_task/pkg/users/handlers.go:88.72,98.19 4 1
billing_system_test_task/pkg/users/handlers.go:103.2,104.23 2 1
billing_system_test_task/pkg/users/handlers.go:110.2,112.22 3 1
billing_system_test_task/pkg/users/handlers.go:118.2,119.22 2 1
billing_system_test_task/pkg/users/handlers.go:125.2,126.23 2 1
billing_system_test_task/pkg/users/handlers.go:131.2,132.28 2 1
billing_system_test_task/pkg/users/handlers.go:137.2,138.23 2 1
billing_system_test_task/pkg/users/handlers.go:143.2,149.4 2 1
billing_system_test_task/pkg/users/handlers.go:98.19,101.3 2 1
billing_system_test_task/pkg/users/handlers.go:104.23,108.3 3 1
billing_system_test_task/pkg/users/handlers.go:112.22,115.3 2 1
billing_system_test_task/pkg/users/handlers.go:119.22,123.3 3 1
billing_system_test_task/pkg/users/handlers.go:126.23,129.3 2 1
billing_system_test_task/pkg/users/handlers.go:132.28,135.3 2 1
billing_system_test_task/pkg/users/handlers.go:138.23,141.3 2 1
billing_system_test_task/pkg/users/repo.go:28.73,33.2 1 1
billing_system_test_task/pkg/users/repo.go:36.80,47.23 4 1
billing_system_test_task/pkg/users/repo.go:50.2,50.21 1 1
billing_system_test_task/pkg/users/repo.go:66.2,66.19 1 1
billing_system_test_task/pkg/users/repo.go:47.23,49.3 1 1
billing_system_test_task/pkg/users/repo.go:50.21,60.21 3 1
billing_system_test_task/pkg/users/repo.go:63.3,63.24 1 1
billing_system_test_task/pkg/users/repo.go:60.21,62.4 1 1
billing_system_test_task/pkg/users/repo.go:70.88,80.23 4 1
billing_system_test_task/pkg/users/repo.go:84.2,84.21 1 1
billing_system_test_task/pkg/users/repo.go:99.2,99.19 1 1
billing_system_test_task/pkg/users/repo.go:80.23,82.3 1 1
billing_system_test_task/pkg/users/repo.go:84.21,94.21 3 1
billing_system_test_task/pkg/users/repo.go:97.3,97.24 1 1
billing_system_test_task/pkg/users/repo.go:94.21,96.4 1 1
billing_system_test_task/pkg/users/repo.go:103.81,106.18 3 1
billing_system_test_task/pkg/users/repo.go:110.2,111.27 2 1
billing_system_test_task/pkg/users/repo.go:114.2,120.22 4 1
billing_system_test_task/pkg/users/repo.go:125.2,127.23 2 1
billing_system_test_task/pkg/users/repo.go:137.2,138.28 2 1
billing_system_test_task/pkg/users/repo.go:144.2,145.33 2 1
billing_system_test_task/pkg/users/repo.go:151.2,152.18 2 1
billing_system_test_task/pkg/users/repo.go:159.2,161.27 2 1
billing_system_test_task/pkg/users/repo.go:106.18,108.3 1 1
billing_system_test_task/pkg/users/repo.go:111.27,113.3 1 1
billing_system_test_task/pkg/users/repo.go:120.22,124.3 3 1
billing_system_test_task/pkg/users/repo.go:127.23,129.23 2 1
billing_system_test_task/pkg/users/repo.go:129.23,133.4 3 1
billing_system_test_task/pkg/users/repo.go:138.28,142.3 3 1
billing_system_test_task/pkg/users/repo.go:145.33,149.3 3 1
billing_system_test_task/pkg/users/repo.go:152.18,158.3 1 1
billing_system_test_task/pkg/users/form.go:13.51,19.21 2 1
billing_system_test_task/pkg/users/form.go:23.2,23.12 1 1
billing_system_test_task/pkg/users/form.go:19.21,21.3 1 1
billing_system_test_task/pkg/users/form.go:30.53,32.29 2 1
billing_system_test_task/pkg/users/form.go:39.2,39.21 1 1
billing_system_test_task/pkg/users/form.go:43.2,43.12 1 1
billing_system_test_task/pkg/users/form.go:32.29,36.3 1 1
billing_system_test_task/pkg/users/form.go:39.21,41.3 1 1
billing_system_test_task/pkg/operations/handlers.go:18.136,25.2 1 1
billing_system_test_task/pkg/operations/handlers.go:36.75,41.18 4 1
billing_system_test_task/pkg/operations/handlers.go:46.2,47.26 2 1
billing_system_test_task/pkg/operations/handlers.go:52.2,52.38 1 1
billing_system_test_task/pkg/operations/handlers.go:57.2,64.23 3 1
billing_system_test_task/pkg/operations/handlers.go:69.2,79.33 11 1
billing_system_test_task/pkg/operations/handlers.go:83.2,83.39 1 1
billing_system_test_task/pkg/operations/handlers.go:41.18,44.3 2 1
billing_system_test_task/pkg/operations/handlers.go:47.26,50.3 2 1
billing_system_test_task/pkg/operations/handlers.go:52.38,55.3 2 1
billing_system_test_task/pkg/operations/handlers.go:64.23,67.3 2 1
billing_system_test_task/pkg/operations/handlers.go:79.33,81.3 1 1
billing_system_test_task/pkg/operations/pipes.go:16.143,48.9 9 1
billing_system_test_task/pkg/operations/pipes.go:49.23,50.55 1 1
billing_system_test_task/pkg/operations/pipes.go:51.10,52.13 1 1
billing_system_test_task/pkg/operations/pipes.go:64.51,69.20 4 1
billing_system_test_task/pkg/operations/pipes.go:74.2,76.18 2 1
billing_system_test_task/pkg/operations/pipes.go:87.2,87.18 1 1
billing_system_test_task/pkg/operations/pipes.go:69.20,73.3 3 1
billing_system_test_task/pkg/operations/pipes.go:76.18,79.21 3 1
billing_system_test_task/pkg/operations/pipes.go:84.3,85.20 2 1
billing_system_test_task/pkg/operations/pipes.go:79.21,83.4 3 1
billing_system_test_task/pkg/operations/pipes.go:87.18,89.3 1 1
billing_system_test_task/pkg/operations/pipes.go:98.55,101.24 2 1
billing_system_test_task/pkg/operations/pipes.go:101.24,102.19 1 1
billing_system_test_task/pkg/operations/pipes.go:106.3,108.19 3 1
billing_system_test_task/pkg/operations/pipes.go:114.3,114.12 1 1
billing_system_test_task/pkg/operations/pipes.go:102.19,105.4 2 1
billing_system_test_task/pkg/operations/pipes.go:108.19,113.4 4 1
billing_system_test_task/pkg/operations/pipes.go:124.52,127.24 2 1
billing_system_test_task/pkg/operations/pipes.go:127.24,128.19 1 1
billing_system_test_task/pkg/operations/pipes.go:128.19,131.23 3 1
billing_system_test_task/pkg/operations/pipes.go:131.23,134.5 2 1
billing_system_test_task/pkg/operations/query_params.go:20.76,29.18 5 1
billing_system_test_task/pkg/operations/query_params.go:33.2,33.39 1 1
billing_system_test_task/pkg/operations/query_params.go:50.2,53.8 1 1
billing_system_test_task/pkg/operations/query_params.go:29.18,31.3 1 1
billing_system_test_task/pkg/operations/query_params.go:33.39,35.27 2 1
billing_system_test_task/pkg/operations/query_params.go:39.3,40.30 2 1
billing_system_test_task/pkg/operations/query_params.go:44.3,47.4 1 1
billing_system_test_task/pkg/operations/query_params.go:35.27,37.4 1 1
billing_system_test_task/pkg/operations/query_params.go:40.30,42.4 1 1
billing_system_test_task/pkg/operations/file_handler.go:28.55,32.2 1 1
billing_system_test_task/pkg/operations/file_handler.go:34.89,36.2 1 1
billing_system_test_task/pkg/operations/file_handler.go:45.66,57.24 7 1
billing_system_test_task/pkg/operations/file_handler.go:61.2,61.21 1 1
billing_system_test_task/pkg/operations/file_handler.go:65.2,70.8 1 1
billing_system_test_task/pkg/operations/file_handler.go:57.24,59.3 1 1
billing_system_test_task/pkg/operations/file_handler.go:61.21,63.3 1 1
billing_system_test_task/pkg/operations/file_handler.go:73.109,79.21 2 1
billing_system_test_task/pkg/operations/file_handler.go:95.2,95.20 1 1
billing_system_test_task/pkg/operations/file_handler.go:79.21,88.3 3 1
billing_system_test_task/pkg/operations/file_handler.go:88.8,88.29 1 1
billing_system_test_task/pkg/operations/file_handler.go:88.29,94.3 1 1
billing_system_test_task/pkg/operations/file_marshaller.go:25.97,27.28 2 1
billing_system_test_task/pkg/operations/file_marshaller.go:30.2,35.8 3 1
billing_system_test_task/pkg/operations/file_marshaller.go:27.28,29.3 1 1
billing_system_test_task/pkg/operations/file_marshaller.go:38.64,43.21 5 1
billing_system_test_task/pkg/operations/file_marshaller.go:46.2,47.12 2 1
billing_system_test_task/pkg/operations/file_marshaller.go:43.21,45.3 1 1
billing_system_test_task/pkg/operations/file_marshaller.go:55.96,73.2 7 1
billing_system_test_task/pkg/operations/file_marshaller.go:75.63,79.24 4 1
billing_system_test_task/pkg/operations/file_marshaller.go:82.2,83.12 2 1
billing_system_test_task/pkg/operations/file_marshaller.go:79.24,81.3 1 1
billing_system_test_task/pkg/operations/repo.go:32.62,36.2 1 1
billing_system_test_task/pkg/operations/repo.go:38.156,44.21 2 1
billing_system_test_task/pkg/operations/repo.go:50.2,56.22 2 1
billing_system_test_task/pkg/operations/repo.go:60.2,60.18 1 1
billing_system_test_task/pkg/operations/repo.go:67.2,67.31 1 1
billing_system_test_task/pkg/operations/repo.go:44.21,46.3 1 1
billing_system_test_task/pkg/operations/repo.go:46.8,48.3 1 1
billing_system_test_task/pkg/operations/repo.go:56.22,58.3 1 1
billing_system_test_task/pkg/operations/repo.go:60.18,62.21 2 1
billing_system_test_task/pkg/operations/repo.go:62.21,64.4 1 1
billing_system_test_task/pkg/operations/repo.go:70.100,71.19 1 1
billing_system_test_task/pkg/operations/repo.go:86.2,89.3 1 1
billing_system_test_task/pkg/operations/repo.go:71.19,73.16 2 1
billing_system_test_task/pkg/operations/repo.go:79.3,84.4 1 1
billing_system_test_task/pkg/operations/repo.go:73.16,75.4 1 1
billing_system_test_task/pkg/operations/repo.go:75.9,77.4 1 1
